[04-Apr-2022 15:13:21 UTC] PHP Parse error:  syntax error, unexpected '}' in C:\Users\Matt\Local Sites\fictional-university\app\public\wp-content\themes\fictional-university-theme\functions.php on line 5
[04-Apr-2022 15:14:13 UTC] PHP Parse error:  syntax error, unexpected '}' in C:\Users\Matt\Local Sites\fictional-university\app\public\wp-content\themes\fictional-university-theme\functions.php on line 5
[04-Apr-2022 15:14:27 UTC] PHP Parse error:  syntax error, unexpected '}' in C:\Users\Matt\Local Sites\fictional-university\app\public\wp-content\themes\fictional-university-theme\functions.php on line 5
[04-Apr-2022 15:16:28 UTC] PHP Parse error:  syntax error, unexpected '}' in C:\Users\Matt\Local Sites\fictional-university\app\public\wp-content\themes\fictional-university-theme\functions.php on line 5
[04-Apr-2022 15:17:12 UTC] PHP Parse error:  syntax error, unexpected '}' in C:\Users\Matt\Local Sites\fictional-university\app\public\wp-content\themes\fictional-university-theme\functions.php on line 5
[04-Apr-2022 15:17:27 UTC] PHP Parse error:  syntax error, unexpected '}' in C:\Users\Matt\Local Sites\fictional-university\app\public\wp-content\themes\fictional-university-theme\functions.php on line 5
[04-Apr-2022 18:20:31 UTC] PHP Parse error:  syntax error, unexpected 'wp_enqueue_style' (T_STRING) in C:\Users\Matt\Local Sites\fictional-university\app\public\wp-content\themes\fictional-university-theme\functions.php on line 6
[04-Apr-2022 18:20:46 UTC] PHP Parse error:  syntax error, unexpected 'wp_enqueue_style' (T_STRING) in C:\Users\Matt\Local Sites\fictional-university\app\public\wp-content\themes\fictional-university-theme\functions.php on line 6
[04-Apr-2022 18:20:46 UTC] PHP Parse error:  syntax error, unexpected 'wp_enqueue_style' (T_STRING) in C:\Users\Matt\Local Sites\fictional-university\app\public\wp-content\themes\fictional-university-theme\functions.php on line 6
[04-Apr-2022 18:20:47 UTC] PHP Parse error:  syntax error, unexpected 'wp_enqueue_style' (T_STRING) in C:\Users\Matt\Local Sites\fictional-university\app\public\wp-content\themes\fictional-university-theme\functions.php on line 6
[04-Apr-2022 19:37:51 UTC] PHP Warning:  A non-numeric value encountered in C:\Users\Matt\Local Sites\fictional-university\app\public\wp-content\themes\fictional-university-theme\page.php on line 37
[04-Apr-2022 19:37:51 UTC] PHP Stack trace:
[04-Apr-2022 19:37:51 UTC] PHP   1. {main}() C:\Users\Matt\Local Sites\fictional-university\app\public\index.php:0
[04-Apr-2022 19:37:51 UTC] PHP   2. require() C:\Users\Matt\Local Sites\fictional-university\app\public\index.php:17
[04-Apr-2022 19:37:51 UTC] PHP   3. require_once() C:\Users\Matt\Local Sites\fictional-university\app\public\wp-blog-header.php:19
[04-Apr-2022 19:37:51 UTC] PHP   4. include() C:\Users\Matt\Local Sites\fictional-university\app\public\wp-includes\template-loader.php:106
[04-Apr-2022 19:52:50 UTC] PHP Parse error:  syntax error, unexpected '}', expecting end of file in C:\Users\Matt\Local Sites\fictional-university\app\public\wp-content\themes\fictional-university-theme\page.php on line 72
[04-Apr-2022 20:32:26 UTC] PHP Warning:  Invalid argument supplied for foreach() in C:\Users\Matt\Local Sites\fictional-university\app\public\wp-includes\nav-menu.php on line 95
[04-Apr-2022 20:32:26 UTC] PHP Stack trace:
[04-Apr-2022 20:32:26 UTC] PHP   1. {main}() C:\Users\Matt\Local Sites\fictional-university\app\public\wp-admin\admin-ajax.php:0
[04-Apr-2022 20:32:26 UTC] PHP   2. require_once() C:\Users\Matt\Local Sites\fictional-university\app\public\wp-admin\admin-ajax.php:22
[04-Apr-2022 20:32:26 UTC] PHP   3. require_once() C:\Users\Matt\Local Sites\fictional-university\app\public\wp-load.php:50
[04-Apr-2022 20:32:26 UTC] PHP   4. require_once() C:\Users\Matt\Local Sites\fictional-university\app\public\wp-config.php:91
[04-Apr-2022 20:32:26 UTC] PHP   5. do_action() C:\Users\Matt\Local Sites\fictional-university\app\public\wp-settings.php:565
[04-Apr-2022 20:32:26 UTC] PHP   6. WP_Hook->do_action() C:\Users\Matt\Local Sites\fictional-university\app\public\wp-includes\plugin.php:474
[04-Apr-2022 20:32:26 UTC] PHP   7. WP_Hook->apply_filters() C:\Users\Matt\Local Sites\fictional-university\app\public\wp-includes\class-wp-hook.php:331
[04-Apr-2022 20:32:26 UTC] PHP   8. university_features() C:\Users\Matt\Local Sites\fictional-university\app\public\wp-includes\class-wp-hook.php:307
[04-Apr-2022 20:32:26 UTC] PHP   9. register_nav_menus() C:\Users\Matt\Local Sites\fictional-university\app\public\wp-content\themes\fictional-university-theme\functions.php:19
[04-Apr-2022 20:32:26 UTC] PHP Warning:  array_merge(): Expected parameter 2 to be an array, string given in C:\Users\Matt\Local Sites\fictional-university\app\public\wp-includes\nav-menu.php on line 102
[04-Apr-2022 20:32:26 UTC] PHP Stack trace:
[04-Apr-2022 20:32:26 UTC] PHP   1. {main}() C:\Users\Matt\Local Sites\fictional-university\app\public\wp-admin\admin-ajax.php:0
[04-Apr-2022 20:32:26 UTC] PHP   2. require_once() C:\Users\Matt\Local Sites\fictional-university\app\public\wp-admin\admin-ajax.php:22
[04-Apr-2022 20:32:26 UTC] PHP   3. require_once() C:\Users\Matt\Local Sites\fictional-university\app\public\wp-load.php:50
[04-Apr-2022 20:32:26 UTC] PHP   4. require_once() C:\Users\Matt\Local Sites\fictional-university\app\public\wp-config.php:91
[04-Apr-2022 20:32:26 UTC] PHP   5. do_action() C:\Users\Matt\Local Sites\fictional-university\app\public\wp-settings.php:565
[04-Apr-2022 20:32:26 UTC] PHP   6. WP_Hook->do_action() C:\Users\Matt\Local Sites\fictional-university\app\public\wp-includes\plugin.php:474
[04-Apr-2022 20:32:26 UTC] PHP   7. WP_Hook->apply_filters() C:\Users\Matt\Local Sites\fictional-university\app\public\wp-includes\class-wp-hook.php:331
[04-Apr-2022 20:32:26 UTC] PHP   8. university_features() C:\Users\Matt\Local Sites\fictional-university\app\public\wp-includes\class-wp-hook.php:307
[04-Apr-2022 20:32:26 UTC] PHP   9. register_nav_menus() C:\Users\Matt\Local Sites\fictional-university\app\public\wp-content\themes\fictional-university-theme\functions.php:19
[04-Apr-2022 20:32:26 UTC] PHP  10. array_merge() C:\Users\Matt\Local Sites\fictional-university\app\public\wp-includes\nav-menu.php:102
[04-Apr-2022 20:32:31 UTC] PHP Warning:  Invalid argument supplied for foreach() in C:\Users\Matt\Local Sites\fictional-university\app\public\wp-includes\nav-menu.php on line 95
[04-Apr-2022 20:32:31 UTC] PHP Stack trace:
[04-Apr-2022 20:32:31 UTC] PHP   1. {main}() C:\Users\Matt\Local Sites\fictional-university\app\public\wp-admin\edit.php:0
[04-Apr-2022 20:32:31 UTC] PHP   2. require_once() C:\Users\Matt\Local Sites\fictional-university\app\public\wp-admin\edit.php:10
[04-Apr-2022 20:32:31 UTC] PHP   3. require_once() C:\Users\Matt\Local Sites\fictional-university\app\public\wp-admin\admin.php:34
[04-Apr-2022 20:32:31 UTC] PHP   4. require_once() C:\Users\Matt\Local Sites\fictional-university\app\public\wp-load.php:50
[04-Apr-2022 20:32:31 UTC] PHP   5. require_once() C:\Users\Matt\Local Sites\fictional-university\app\public\wp-config.php:91
[04-Apr-2022 20:32:31 UTC] PHP   6. do_action() C:\Users\Matt\Local Sites\fictional-university\app\public\wp-settings.php:565
[04-Apr-2022 20:32:31 UTC] PHP   7. WP_Hook->do_action() C:\Users\Matt\Local Sites\fictional-university\app\public\wp-includes\plugin.php:474
[04-Apr-2022 20:32:31 UTC] PHP   8. WP_Hook->apply_filters() C:\Users\Matt\Local Sites\fictional-university\app\public\wp-includes\class-wp-hook.php:331
[04-Apr-2022 20:32:31 UTC] PHP   9. university_features() C:\Users\Matt\Local Sites\fictional-university\app\public\wp-includes\class-wp-hook.php:307
[04-Apr-2022 20:32:31 UTC] PHP  10. register_nav_menus() C:\Users\Matt\Local Sites\fictional-university\app\public\wp-content\themes\fictional-university-theme\functions.php:19
[04-Apr-2022 20:32:31 UTC] PHP Warning:  array_merge(): Expected parameter 2 to be an array, string given in C:\Users\Matt\Local Sites\fictional-university\app\public\wp-includes\nav-menu.php on line 102
[04-Apr-2022 20:32:31 UTC] PHP Stack trace:
[04-Apr-2022 20:32:31 UTC] PHP   1. {main}() C:\Users\Matt\Local Sites\fictional-university\app\public\wp-admin\edit.php:0
[04-Apr-2022 20:32:31 UTC] PHP   2. require_once() C:\Users\Matt\Local Sites\fictional-university\app\public\wp-admin\edit.php:10
[04-Apr-2022 20:32:31 UTC] PHP   3. require_once() C:\Users\Matt\Local Sites\fictional-university\app\public\wp-admin\admin.php:34
[04-Apr-2022 20:32:31 UTC] PHP   4. require_once() C:\Users\Matt\Local Sites\fictional-university\app\public\wp-load.php:50
[04-Apr-2022 20:32:31 UTC] PHP   5. require_once() C:\Users\Matt\Local Sites\fictional-university\app\public\wp-config.php:91
[04-Apr-2022 20:32:31 UTC] PHP   6. do_action() C:\Users\Matt\Local Sites\fictional-university\app\public\wp-settings.php:565
[04-Apr-2022 20:32:31 UTC] PHP   7. WP_Hook->do_action() C:\Users\Matt\Local Sites\fictional-university\app\public\wp-includes\plugin.php:474
[04-Apr-2022 20:32:31 UTC] PHP   8. WP_Hook->apply_filters() C:\Users\Matt\Local Sites\fictional-university\app\public\wp-includes\class-wp-hook.php:331
[04-Apr-2022 20:32:31 UTC] PHP   9. university_features() C:\Users\Matt\Local Sites\fictional-university\app\public\wp-includes\class-wp-hook.php:307
[04-Apr-2022 20:32:31 UTC] PHP  10. register_nav_menus() C:\Users\Matt\Local Sites\fictional-university\app\public\wp-content\themes\fictional-university-theme\functions.php:19
[04-Apr-2022 20:32:31 UTC] PHP  11. array_merge() C:\Users\Matt\Local Sites\fictional-university\app\public\wp-includes\nav-menu.php:102
[04-Apr-2022 20:32:31 UTC] PHP Warning:  Cannot modify header information - headers already sent by (output started at C:\Users\Matt\Local Sites\fictional-university\app\public\wp-includes\nav-menu.php:95) in C:\Users\Matt\Local Sites\fictional-university\app\public\wp-includes\functions.php on line 6821
[04-Apr-2022 20:32:31 UTC] PHP Stack trace:
[04-Apr-2022 20:32:31 UTC] PHP   1. {main}() C:\Users\Matt\Local Sites\fictional-university\app\public\wp-admin\edit.php:0
[04-Apr-2022 20:32:31 UTC] PHP   2. require_once() C:\Users\Matt\Local Sites\fictional-university\app\public\wp-admin\edit.php:10
[04-Apr-2022 20:32:31 UTC] PHP   3. do_action() C:\Users\Matt\Local Sites\fictional-university\app\public\wp-admin\admin.php:175
[04-Apr-2022 20:32:31 UTC] PHP   4. WP_Hook->do_action() C:\Users\Matt\Local Sites\fictional-university\app\public\wp-includes\plugin.php:474
[04-Apr-2022 20:32:31 UTC] PHP   5. WP_Hook->apply_filters() C:\Users\Matt\Local Sites\fictional-university\app\public\wp-includes\class-wp-hook.php:331
[04-Apr-2022 20:32:31 UTC] PHP   6. send_frame_options_header() C:\Users\Matt\Local Sites\fictional-university\app\public\wp-includes\class-wp-hook.php:305
[04-Apr-2022 20:32:31 UTC] PHP   7. header() C:\Users\Matt\Local Sites\fictional-university\app\public\wp-includes\functions.php:6821
[04-Apr-2022 20:32:31 UTC] PHP Warning:  Cannot modify header information - headers already sent by (output started at C:\Users\Matt\Local Sites\fictional-university\app\public\wp-includes\nav-menu.php:95) in C:\Users\Matt\Local Sites\fictional-university\app\public\wp-admin\includes\misc.php on line 1310
[04-Apr-2022 20:32:31 UTC] PHP Stack trace:
[04-Apr-2022 20:32:31 UTC] PHP   1. {main}() C:\Users\Matt\Local Sites\fictional-university\app\public\wp-admin\edit.php:0
[04-Apr-2022 20:32:31 UTC] PHP   2. require_once() C:\Users\Matt\Local Sites\fictional-university\app\public\wp-admin\edit.php:10
[04-Apr-2022 20:32:31 UTC] PHP   3. do_action() C:\Users\Matt\Local Sites\fictional-university\app\public\wp-admin\admin.php:175
[04-Apr-2022 20:32:31 UTC] PHP   4. WP_Hook->do_action() C:\Users\Matt\Local Sites\fictional-university\app\public\wp-includes\plugin.php:474
[04-Apr-2022 20:32:31 UTC] PHP   5. WP_Hook->apply_filters() C:\Users\Matt\Local Sites\fictional-university\app\public\wp-includes\class-wp-hook.php:331
[04-Apr-2022 20:32:31 UTC] PHP   6. wp_admin_headers() C:\Users\Matt\Local Sites\fictional-university\app\public\wp-includes\class-wp-hook.php:307
[04-Apr-2022 20:32:31 UTC] PHP   7. header() C:\Users\Matt\Local Sites\fictional-university\app\public\wp-admin\includes\misc.php:1310
[04-Apr-2022 20:32:31 UTC] PHP Warning:  Cannot modify header information - headers already sent by (output started at C:\Users\Matt\Local Sites\fictional-university\app\public\wp-includes\nav-menu.php:95) in C:\Users\Matt\Local Sites\fictional-university\app\public\wp-admin\admin-header.php on line 9
[04-Apr-2022 20:32:31 UTC] PHP Stack trace:
[04-Apr-2022 20:32:31 UTC] PHP   1. {main}() C:\Users\Matt\Local Sites\fictional-university\app\public\wp-admin\edit.php:0
[04-Apr-2022 20:32:31 UTC] PHP   2. require_once() C:\Users\Matt\Local Sites\fictional-university\app\public\wp-admin\edit.php:397
[04-Apr-2022 20:32:31 UTC] PHP   3. header() C:\Users\Matt\Local Sites\fictional-university\app\public\wp-admin\admin-header.php:9
[04-Apr-2022 20:32:31 UTC] PHP Warning:  Cannot modify header information - headers already sent by (output started at C:\Users\Matt\Local Sites\fictional-university\app\public\wp-includes\nav-menu.php:95) in C:\Users\Matt\Local Sites\fictional-university\app\public\wp-includes\option.php on line 1109
[04-Apr-2022 20:32:31 UTC] PHP Stack trace:
[04-Apr-2022 20:32:31 UTC] PHP   1. {main}() C:\Users\Matt\Local Sites\fictional-university\app\public\wp-admin\edit.php:0
[04-Apr-2022 20:32:31 UTC] PHP   2. require_once() C:\Users\Matt\Local Sites\fictional-university\app\public\wp-admin\edit.php:397
[04-Apr-2022 20:32:31 UTC] PHP   3. wp_user_settings() C:\Users\Matt\Local Sites\fictional-university\app\public\wp-admin\admin-header.php:86
[04-Apr-2022 20:32:31 UTC] PHP   4. setcookie() C:\Users\Matt\Local Sites\fictional-university\app\public\wp-includes\option.php:1109
[04-Apr-2022 20:32:31 UTC] PHP Warning:  Cannot modify header information - headers already sent by (output started at C:\Users\Matt\Local Sites\fictional-university\app\public\wp-includes\nav-menu.php:95) in C:\Users\Matt\Local Sites\fictional-university\app\public\wp-includes\option.php on line 1110
[04-Apr-2022 20:32:31 UTC] PHP Stack trace:
[04-Apr-2022 20:32:31 UTC] PHP   1. {main}() C:\Users\Matt\Local Sites\fictional-university\app\public\wp-admin\edit.php:0
[04-Apr-2022 20:32:31 UTC] PHP   2. require_once() C:\Users\Matt\Local Sites\fictional-university\app\public\wp-admin\edit.php:397
[04-Apr-2022 20:32:31 UTC] PHP   3. wp_user_settings() C:\Users\Matt\Local Sites\fictional-university\app\public\wp-admin\admin-header.php:86
[04-Apr-2022 20:32:31 UTC] PHP   4. setcookie() C:\Users\Matt\Local Sites\fictional-university\app\public\wp-includes\option.php:1110
[04-Apr-2022 20:32:32 UTC] PHP Warning:  Invalid argument supplied for foreach() in C:\Users\Matt\Local Sites\fictional-university\app\public\wp-includes\nav-menu.php on line 95
[04-Apr-2022 20:32:32 UTC] PHP Stack trace:
[04-Apr-2022 20:32:32 UTC] PHP   1. {main}() C:\Users\Matt\Local Sites\fictional-university\app\public\wp-admin\admin-ajax.php:0
[04-Apr-2022 20:32:32 UTC] PHP   2. require_once() C:\Users\Matt\Local Sites\fictional-university\app\public\wp-admin\admin-ajax.php:22
[04-Apr-2022 20:32:32 UTC] PHP   3. require_once() C:\Users\Matt\Local Sites\fictional-university\app\public\wp-load.php:50
[04-Apr-2022 20:32:32 UTC] PHP   4. require_once() C:\Users\Matt\Local Sites\fictional-university\app\public\wp-config.php:91
[04-Apr-2022 20:32:32 UTC] PHP   5. do_action() C:\Users\Matt\Local Sites\fictional-university\app\public\wp-settings.php:565
[04-Apr-2022 20:32:32 UTC] PHP   6. WP_Hook->do_action() C:\Users\Matt\Local Sites\fictional-university\app\public\wp-includes\plugin.php:474
[04-Apr-2022 20:32:32 UTC] PHP   7. WP_Hook->apply_filters() C:\Users\Matt\Local Sites\fictional-university\app\public\wp-includes\class-wp-hook.php:331
[04-Apr-2022 20:32:32 UTC] PHP   8. university_features() C:\Users\Matt\Local Sites\fictional-university\app\public\wp-includes\class-wp-hook.php:307
[04-Apr-2022 20:32:32 UTC] PHP   9. register_nav_menus() C:\Users\Matt\Local Sites\fictional-university\app\public\wp-content\themes\fictional-university-theme\functions.php:19
[04-Apr-2022 20:32:32 UTC] PHP Warning:  array_merge(): Expected parameter 2 to be an array, string given in C:\Users\Matt\Local Sites\fictional-university\app\public\wp-includes\nav-menu.php on line 102
[04-Apr-2022 20:32:32 UTC] PHP Stack trace:
[04-Apr-2022 20:32:32 UTC] PHP   1. {main}() C:\Users\Matt\Local Sites\fictional-university\app\public\wp-admin\admin-ajax.php:0
[04-Apr-2022 20:32:32 UTC] PHP   2. require_once() C:\Users\Matt\Local Sites\fictional-university\app\public\wp-admin\admin-ajax.php:22
[04-Apr-2022 20:32:32 UTC] PHP   3. require_once() C:\Users\Matt\Local Sites\fictional-university\app\public\wp-load.php:50
[04-Apr-2022 20:32:32 UTC] PHP   4. require_once() C:\Users\Matt\Local Sites\fictional-university\app\public\wp-config.php:91
[04-Apr-2022 20:32:32 UTC] PHP   5. do_action() C:\Users\Matt\Local Sites\fictional-university\app\public\wp-settings.php:565
[04-Apr-2022 20:32:32 UTC] PHP   6. WP_Hook->do_action() C:\Users\Matt\Local Sites\fictional-university\app\public\wp-includes\plugin.php:474
[04-Apr-2022 20:32:32 UTC] PHP   7. WP_Hook->apply_filters() C:\Users\Matt\Local Sites\fictional-university\app\public\wp-includes\class-wp-hook.php:331
[04-Apr-2022 20:32:32 UTC] PHP   8. university_features() C:\Users\Matt\Local Sites\fictional-university\app\public\wp-includes\class-wp-hook.php:307
[04-Apr-2022 20:32:32 UTC] PHP   9. register_nav_menus() C:\Users\Matt\Local Sites\fictional-university\app\public\wp-content\themes\fictional-university-theme\functions.php:19
[04-Apr-2022 20:32:32 UTC] PHP  10. array_merge() C:\Users\Matt\Local Sites\fictional-university\app\public\wp-includes\nav-menu.php:102
[04-Apr-2022 22:27:57 UTC] PHP Parse error:  syntax error, unexpected end of file in C:\Users\Matt\Local Sites\fictional-university\app\public\wp-content\themes\fictional-university-theme\index.php on line 30
[05-Apr-2022 19:34:10 UTC] PHP Parse error:  syntax error, unexpected 'echo' (T_ECHO) in C:\Users\Matt\Local Sites\fictional-university\app\public\wp-content\themes\fictional-university-theme\single-program.php on line 48
[05-Apr-2022 19:34:11 UTC] PHP Parse error:  syntax error, unexpected 'echo' (T_ECHO) in C:\Users\Matt\Local Sites\fictional-university\app\public\wp-content\themes\fictional-university-theme\single-program.php on line 48
[05-Apr-2022 19:38:49 UTC] PHP Parse error:  syntax error, unexpected end of file in C:\Users\Matt\Local Sites\fictional-university\app\public\wp-content\themes\fictional-university-theme\single-program.php on line 106
[05-Apr-2022 19:41:04 UTC] PHP Parse error:  syntax error, unexpected end of file in C:\Users\Matt\Local Sites\fictional-university\app\public\wp-content\themes\fictional-university-theme\single-program.php on line 101
[05-Apr-2022 19:41:45 UTC] PHP Parse error:  syntax error, unexpected end of file in C:\Users\Matt\Local Sites\fictional-university\app\public\wp-content\themes\fictional-university-theme\single-program.php on line 100
[05-Apr-2022 20:45:12 UTC] PHP Parse error:  syntax error, unexpected '}', expecting ';' or ',' in C:\Users\Matt\Local Sites\fictional-university\app\public\wp-content\themes\fictional-university-theme\single-program.php on line 61
[05-Apr-2022 20:45:16 UTC] PHP Parse error:  syntax error, unexpected '}', expecting ';' or ',' in C:\Users\Matt\Local Sites\fictional-university\app\public\wp-content\themes\fictional-university-theme\single-program.php on line 61
[05-Apr-2022 21:46:35 UTC] PHP Warning:  Use of undefined constant title - assumed 'title' (this will throw an Error in a future version of PHP) in C:\Users\Matt\Local Sites\fictional-university\app\public\wp-content\themes\fictional-university-theme\functions.php on line 10
[05-Apr-2022 21:46:35 UTC] PHP Stack trace:
[05-Apr-2022 21:46:35 UTC] PHP   1. {main}() C:\Users\Matt\Local Sites\fictional-university\app\public\index.php:0
[05-Apr-2022 21:46:35 UTC] PHP   2. require() C:\Users\Matt\Local Sites\fictional-university\app\public\index.php:17
[05-Apr-2022 21:46:35 UTC] PHP   3. require_once() C:\Users\Matt\Local Sites\fictional-university\app\public\wp-blog-header.php:19
[05-Apr-2022 21:46:35 UTC] PHP   4. include() C:\Users\Matt\Local Sites\fictional-university\app\public\wp-includes\template-loader.php:106
[05-Apr-2022 21:46:35 UTC] PHP   5. pageBanner() C:\Users\Matt\Local Sites\fictional-university\app\public\wp-content\themes\fictional-university-theme\page.php:9
[05-Apr-2022 22:08:42 UTC] PHP Parse error:  syntax error, unexpected '}' in C:\Users\Matt\Local Sites\fictional-university\app\public\wp-content\themes\fictional-university-theme\functions.php on line 20
[05-Apr-2022 22:08:42 UTC] PHP Parse error:  syntax error, unexpected '}' in C:\Users\Matt\Local Sites\fictional-university\app\public\wp-content\themes\fictional-university-theme\functions.php on line 20
[05-Apr-2022 22:45:48 UTC] PHP Parse error:  syntax error, unexpected '}' in C:\Users\Matt\Local Sites\fictional-university\app\public\wp-content\themes\fictional-university-theme\front-page.php on line 48
[05-Apr-2022 22:46:35 UTC] PHP Parse error:  syntax error, unexpected '}' in C:\Users\Matt\Local Sites\fictional-university\app\public\wp-content\themes\fictional-university-theme\front-page.php on line 48
[05-Apr-2022 22:46:37 UTC] PHP Parse error:  syntax error, unexpected '}' in C:\Users\Matt\Local Sites\fictional-university\app\public\wp-content\themes\fictional-university-theme\front-page.php on line 48
